Flutter crash report; please file at https://github.com/flutter/flutter/issues.

## command

flutter emulators --create chrome

## exception

ArgumentError: Invalid argument(s): Cannot find executable for null.

```
#0      _getExecutable (package:process/src/interface/local_process_manager.dart:127:5)
#1      LocalProcessManager.runSync (package:process/src/interface/local_process_manager.dart:94:30)
#2      _DefaultProcessUtils.runSync (package:flutter_tools/src/base/process.dart:417:51)
#3      EmulatorManager._getPreferredAvailableDevice (package:flutter_tools/src/emulator.dart:144:46)
#4      EmulatorManager.createEmulator (package:flutter_tools/src/emulator.dart:82:33)
<asynchronous suspension>
#5      EmulatorsCommand._createEmulator (package:flutter_tools/src/commands/emulators.dart:78:31)
#6      EmulatorsCommand.runCommand (package:flutter_tools/src/commands/emulators.dart:48:13)
#7      FlutterCommand.verifyThenRunCommand (package:flutter_tools/src/runner/flutter_command.dart:723:18)
#8      _rootRunUnary (dart:async/zone.dart:1192:38)
#9      _CustomZone.runUnary (dart:async/zone.dart:1085:19)
#10     _FutureListener.handleValue (dart:async/future_impl.dart:141:18)
#11     Future._propagateToListeners.handleValueCallback (dart:async/future_impl.dart:682:45)
#12     Future._propagateToListeners (dart:async/future_impl.dart:711:32)
#13     Future._completeWithValue (dart:async/future_impl.dart:526:5)
#14     Future._asyncComplete.<anonymous closure> (dart:async/future_impl.dart:556:7)
#15     _rootRun (dart:async/zone.dart:1184:13)
#16     _CustomZone.run (dart:async/zone.dart:1077:19)
#17     _CustomZone.runGuarded (dart:async/zone.dart:979:7)
#18     _CustomZone.bindCallbackGuarded.<anonymous closure> (dart:async/zone.dart:1019:23)
#19     _microtaskLoop (dart:async/schedule_microtask.dart:43:21)
#20     _startMicrotaskLoop (dart:async/schedule_microtask.dart:52:5)
#21     _runPendingImmediateCallback (dart:isolate-patch/isolate_patch.dart:118:13)
#22     _RawReceivePortImpl._handleMessage (dart:isolate-patch/isolate_patch.dart:169:5)
```

## flutter doctor

```
[✓] Flutter (Channel stable, v1.17.3, on Mac OS X 10.15.5 19F101, locale en-US)
    • Flutter version 1.17.3 at /Users/hodaritoure/.asdf/installs/flutter/1.12.13+hotfix.7-stable
    • Framework revision b041144f83 (3 days ago), 2020-06-04 09:26:11 -0700
    • Engine revision ee76268252
    • Dart version 2.8.4

[!] Android toolchain - develop for Android devices (Android SDK version 29.0.3)
    • Android SDK at /Users/hodaritoure/Library/Android/sdk
    • Platform android-R, build-tools 29.0.3
    • Java binary at: /Applications/Android Studio.app/Contents/jre/jdk/Contents/Home/bin/java
    • Java version OpenJDK Runtime Environment (build 1.8.0_212-release-1586-b4-5784211)
    ! Some Android licenses not accepted.  To resolve this, run: flutter doctor --android-licenses

[✓] Xcode - develop for iOS and macOS (Xcode 11.4)
    • Xcode at /Applications/Xcode-beta.app/Contents/Developer
    • Xcode 11.4, Build version 11N132i
    • CocoaPods version 1.9.1

[✓] Android Studio (version 3.6)
    • Android Studio at /Applications/Android Studio.app/Contents
    • Flutter plugin version 45.1.1
    • Dart plugin version 192.8052
    • Java version OpenJDK Runtime Environment (build 1.8.0_212-release-1586-b4-5784211)

[✓] VS Code (version 1.42.1)
    • VS Code at /Applications/Visual Studio Code.app/Contents
    • Flutter extension version 3.8.1

[✓] Connected device (1 available)
    • iPhone 11 Pro Max • AF25B20B-B8B2-4C00-8518-17C108129CD8 • ios • com.apple.CoreSimulator.SimRuntime.iOS-13-4 (simulator)

! Doctor found issues in 1 category.
```
